<?xml version="1.0" encoding="UTF-8"?>
<!-- Generated by org.testng.reporters.JUnitXMLReporter -->
<testsuite ignored="0" hostname="LAPTOP-VV23PLPG" failures="0" tests="1" name="LoginTest" time="2.67" errors="0" timestamp="22 Jan 2023 21:45:14 GMT">
  <testcase classname="qa.testClass.LoginTest" name="@BeforeMethod setUp" time="2.625">
    <failure type="org.openqa.selenium.SessionNotCreatedException" message="session not created: This version of ChromeDriver only supports Chrome version 107
Current browser version is 109.0.5414.75 with binary path C:\Program Files\Google\Chrome\Application\chrome.exe
Build info: version: &amp;apos;3.141.59&amp;apos;, revision: &amp;apos;e82be7d358&amp;apos;, time: &amp;apos;2018-11-14T08:17:03&amp;apos;
System info: host: &amp;apos;LAPTOP-VV23PLPG&amp;apos;, ip: &amp;apos;192.168.254.18&amp;apos;, os.name: &amp;apos;Windows 10&amp;apos;, os.arch: &amp;apos;amd64&amp;apos;, os.version: &amp;apos;10.0&amp;apos;, java.version: &amp;apos;17.0.5&amp;apos;
Driver info: driver.version: ChromeDriver
remote stacktrace: Backtrace:
	Ordinal0 [0x00B4ACD3+2075859]
	Ordinal0 [0x00ADEE61+1633889]
	Ordinal0 [0x009DB7BD+571325]
	Ordinal0 [0x009FDFCD+712653]
	Ordinal0 [0x009F9266+692838]
	Ordinal0 [0x009F6BE9+682985]
	Ordinal0 [0x00A2DBD3+908243]
	Ordinal0 [0x00A2D6AA+906922]
	Ordinal0 [0x00A27136+880950]
	Ordinal0 [0x009FFEFD+720637]
	Ordinal0 [0x00A00F3F+724799]
	GetHandleVerifier [0x00DFEED2+2769538]
	GetHandleVerifier [0x00DF0D95+2711877]
	GetHandleVerifier [0x00BDA03A+521194]
	GetHandleVerifier [0x00BD8DA0+516432]
	Ordinal0 [0x00AE682C+1665068]
	Ordinal0 [0x00AEB128+1683752]
	Ordinal0 [0x00AEB215+1683989]
	Ordinal0 [0x00AF6484+1729668]
	BaseThreadInitThunk [0x775400F9+25]
	RtlGetAppContainerNamedObjectPath [0x77C97BBE+286]
	RtlGetAppContainerNamedObjectPath [0x77C97B8E+238]
">
      <![CDATA[org.openqa.selenium.SessionNotCreatedException: session not created: This version of ChromeDriver only supports Chrome version 107
Current browser version is 109.0.5414.75 with binary path C:\Program Files\Google\Chrome\Application\chrome.exe
Build info: version: '3.141.59', revision: 'e82be7d358', time: '2018-11-14T08:17:03'
System info: host: 'LAPTOP-VV23PLPG', ip: '192.168.254.18', os.name: 'Windows 10', os.arch: 'amd64', os.version: '10.0', java.version: '17.0.5'
Driver info: driver.version: ChromeDriver
remote stacktrace: Backtrace:
Ordinal0 [0x00B4ACD3+2075859]
Ordinal0 [0x00ADEE61+1633889]
Ordinal0 [0x009DB7BD+571325]
Ordinal0 [0x009FDFCD+712653]
Ordinal0 [0x009F9266+692838]
Ordinal0 [0x009F6BE9+682985]
Ordinal0 [0x00A2DBD3+908243]
Ordinal0 [0x00A2D6AA+906922]
Ordinal0 [0x00A27136+880950]
Ordinal0 [0x009FFEFD+720637]
Ordinal0 [0x00A00F3F+724799]
GetHandleVerifier [0x00DFEED2+2769538]
GetHandleVerifier [0x00DF0D95+2711877]
GetHandleVerifier [0x00BDA03A+521194]
GetHandleVerifier [0x00BD8DA0+516432]
Ordinal0 [0x00AE682C+1665068]
Ordinal0 [0x00AEB128+1683752]
Ordinal0 [0x00AEB215+1683989]
Ordinal0 [0x00AF6484+1729668]
BaseThreadInitThunk [0x775400F9+25]
RtlGetAppContainerNamedObjectPath [0x77C97BBE+286]
RtlGetAppContainerNamedObjectPath [0x77C97B8E+238]

at org.openqa.selenium.remote.W3CHandshakeResponse.lambda$errorHandler$0(W3CHandshakeResponse.java:62)
at org.openqa.selenium.remote.HandshakeResponse.lambda$getResponseFunction$0(HandshakeResponse.java:30)
at org.openqa.selenium.remote.ProtocolHandshake.lambda$createSession$0(ProtocolHandshake.java:126)
at java.base/java.util.stream.ReferencePipeline$3$1.accept(ReferencePipeline.java:197)
at java.base/java.util.Spliterators$ArraySpliterator.tryAdvance(Spliterators.java:1002)
at java.base/java.util.stream.ReferencePipeline.forEachWithCancel(ReferencePipeline.java:129)
at java.base/java.util.stream.AbstractPipeline.copyIntoWithCancel(AbstractPipeline.java:527)
at java.base/java.util.stream.AbstractPipeline.copyInto(AbstractPipeline.java:513)
at java.base/java.util.stream.AbstractPipeline.wrapAndCopyInto(AbstractPipeline.java:499)
at java.base/java.util.stream.FindOps$FindOp.evaluateSequential(FindOps.java:150)
at java.base/java.util.stream.AbstractPipeline.evaluate(AbstractPipeline.java:234)
at java.base/java.util.stream.ReferencePipeline.findFirst(ReferencePipeline.java:647)
at org.openqa.selenium.remote.ProtocolHandshake.createSession(ProtocolHandshake.java:128)
at org.openqa.selenium.remote.ProtocolHandshake.createSession(ProtocolHandshake.java:74)
at org.openqa.selenium.remote.HttpCommandExecutor.execute(HttpCommandExecutor.java:136)
at org.openqa.selenium.remote.service.DriverCommandExecutor.execute(DriverCommandExecutor.java:83)
at org.openqa.selenium.remote.RemoteWebDriver.execute(RemoteWebDriver.java:552)
at org.openqa.selenium.remote.RemoteWebDriver.startSession(RemoteWebDriver.java:213)
at org.openqa.selenium.remote.RemoteWebDriver.<init>(RemoteWebDriver.java:131)
at org.openqa.selenium.chrome.ChromeDriver.<init>(ChromeDriver.java:181)
at org.openqa.selenium.chrome.ChromeDriver.<init>(ChromeDriver.java:168)
at org.openqa.selenium.chrome.ChromeDriver.<init>(ChromeDriver.java:157)
at qa.base.BasePage.initialization(BasePage.java:54)
at qa.testClass.LoginTest.setUp(LoginTest.java:28)
... Removed 33 stack frames]]>
    </failure>
  </testcase> <!-- @BeforeMethod setUp -->
  <testcase classname="qa.testClass.LoginTest" name="@AfterMethod tearDown" time="0.0">
    <skipped/>
  </testcase> <!-- @AfterMethod tearDown -->
  <testcase classname="qa.testClass.LoginTest" name="TestCase" time="0.0">
    <skipped/>
  </testcase> <!-- TestCase -->
</testsuite> <!-- LoginTest -->
